[31m  ERROR[0m - [[33m17/May/2011 13:12:19[0m] "RuntimeError - asdf:
 /Users/ningj/dev/projects/snp-crackle-pop/app/app.rb:28:in `block in <class:SnpCracklePop>'
 /Users/ningj/.rvm/gems/ruby-1.9.2-p0@snp-crackle-pop/gems/padrino-core-0.9.22/lib/padrino-core/application/routing.rb:349:in `call'
 /Users/ningj/.rvm/gems/ruby-1.9.2-p0@snp-crackle-pop/gems/padrino-core-0.9.22/lib/padrino-core/application/routing.rb:349:in `block in route'
 /Users/ningj/.rvm/gems/ruby-1.9.2-p0@snp-crackle-pop/gems/sinatra-1.1.4/lib/sinatra/base.rb:649:in `instance_eval'
 /Users/ningj/.rvm/gems/ruby-1.9.2-p0@snp-crackle-pop/gems/sinatra-1.1.4/lib/sinatra/base.rb:649:in `route_eval'
 /Users/ningj/.rvm/gems/ruby-1.9.2-p0@snp-crackle-pop/gems/padrino-core-0.9.22/lib/padrino-core/application/routing.rb:629:in `block (3 levels) in route!'
 /Users/ningj/.rvm/gems/ruby-1.9.2-p0@snp-crackle-pop/gems/padrino-core-0.9.22/lib/padrino-core/application/routing.rb:629:in `catch'
 /Users/ningj/.rvm/gems/ruby-1.9.2-p0@snp-crackle-pop/gems/padrino-core-0.9.22/lib/padrino-core/application/routing.rb:629:in `block (2 levels) in route!'
 /Users/ningj/.rvm/gems/ruby-1.9.2-p0@snp-crackle-pop/gems/padrino-core-0.9.22/lib/padrino-core/application/routing.rb:621:in `catch'
 /Users/ningj/.rvm/gems/ruby-1.9.2-p0@snp-crackle-pop/gems/padrino-core-0.9.22/lib/padrino-core/application/routing.rb:621:in `block in route!'
 /Users/ningj/.rvm/gems/ruby-1.9.2-p0@snp-crackle-pop/gems/padrino-core-0.9.22/lib/padrino-core/application/routing.rb:610:in `each'
 /Users/ningj/.rvm/gems/ruby-1.9.2-p0@snp-crackle-pop/gems/padrino-core-0.9.22/lib/padrino-core/application/routing.rb:610:in `route!'
 /Users/ningj/.rvm/gems/ruby-1.9.2-p0@snp-crackle-pop/gems/sinatra-1.1.4/lib/sinatra/base.rb:766:in `dispatch!'
 /Users/ningj/.rvm/gems/ruby-1.9.2-p0@snp-crackle-pop/gems/sinatra-1.1.4/lib/sinatra/base.rb:559:in `block in call!'
 /Users/ningj/.rvm/gems/ruby-1.9.2-p0@snp-crackle-pop/gems/sinatra-1.1.4/lib/sinatra/base.rb:731:in `instance_eval'
 /Users/ningj/.rvm/gems/ruby-1.9.2-p0@snp-crackle-pop/gems/sinatra-1.1.4/lib/sinatra/base.rb:731:in `block in invoke'
 /Users/ningj/.rvm/gems/ruby-1.9.2-p0@snp-crackle-pop/gems/sinatra-1.1.4/lib/sinatra/base.rb:731:in `catch'
 /Users/ningj/.rvm/gems/ruby-1.9.2-p0@snp-crackle-pop/gems/sinatra-1.1.4/lib/sinatra/base.rb:731:in `invoke'
 /Users/ningj/.rvm/gems/ruby-1.9.2-p0@snp-crackle-pop/gems/sinatra-1.1.4/lib/sinatra/base.rb:559:in `call!'
 /Users/ningj/.rvm/gems/ruby-1.9.2-p0@snp-crackle-pop/gems/sinatra-1.1.4/lib/sinatra/base.rb:544:in `call'
 /Users/ningj/.rvm/gems/ruby-1.9.2-p0@snp-crackle-pop/gems/sass-3.1.1/lib/sass/plugin/rack.rb:54:in `call'
 /Users/ningj/.rvm/gems/ruby-1.9.2-p0@snp-crackle-pop/gems/sinatra-1.1.4/lib/sinatra/base.rb:1173:in `block in call'
 /Users/ningj/.rvm/gems/ruby-1.9.2-p0@snp-crackle-pop/gems/sinatra-1.1.4/lib/sinatra/base.rb:1199:in `synchronize'
 /Users/ningj/.rvm/gems/ruby-1.9.2-p0@snp-crackle-pop/gems/sinatra-1.1.4/lib/sinatra/base.rb:1173:in `call'
 /Users/ningj/.rvm/gems/ruby-1.9.2-p0@snp-crackle-pop/gems/padrino-core-0.9.22/lib/padrino-core/router.rb:71:in `block in call'
 /Users/ningj/.rvm/gems/ruby-1.9.2-p0@snp-crackle-pop/gems/padrino-core-0.9.22/lib/padrino-core/router.rb:64:in `each'
 /Users/ningj/.rvm/gems/ruby-1.9.2-p0@snp-crackle-pop/gems/padrino-core-0.9.22/lib/padrino-core/router.rb:64:in `call'
 /Users/ningj/.rvm/gems/ruby-1.9.2-p0@snp-crackle-pop/gems/rack-1.2.2/lib/rack/content_length.rb:13:in `call'
 /Users/ningj/.rvm/gems/ruby-1.9.2-p0@snp-crackle-pop/gems/rack-1.2.2/lib/rack/chunked.rb:15:in `call'
 /Users/ningj/.rvm/gems/ruby-1.9.2-p0@snp-crackle-pop/gems/thin-1.2.7/lib/thin/connection.rb:76:in `block in pre_process'
 /Users/ningj/.rvm/gems/ruby-1.9.2-p0@snp-crackle-pop/gems/thin-1.2.7/lib/thin/connection.rb:74:in `catch'
 /Users/ningj/.rvm/gems/ruby-1.9.2-p0@snp-crackle-pop/gems/thin-1.2.7/lib/thin/connection.rb:74:in `pre_process'
 /Users/ningj/.rvm/gems/ruby-1.9.2-p0@snp-crackle-pop/gems/thin-1.2.7/lib/thin/connection.rb:57:in `process'
 /Users/ningj/.rvm/gems/ruby-1.9.2-p0@snp-crackle-pop/gems/thin-1.2.7/lib/thin/connection.rb:42:in `receive_data'
 /Users/ningj/.rvm/gems/ruby-1.9.2-p0@snp-crackle-pop/gems/eventmachine-0.12.10/lib/eventmachine.rb:256:in `run_machine'
 /Users/ningj/.rvm/gems/ruby-1.9.2-p0@snp-crackle-pop/gems/eventmachine-0.12.10/lib/eventmachine.rb:256:in `run'
 /Users/ningj/.rvm/gems/ruby-1.9.2-p0@snp-crackle-pop/gems/thin-1.2.7/lib/thin/backends/base.rb:57:in `start'
 /Users/ningj/.rvm/gems/ruby-1.9.2-p0@snp-crackle-pop/gems/thin-1.2.7/lib/thin/server.rb:156:in `start'
 /Users/ningj/.rvm/gems/ruby-1.9.2-p0@snp-crackle-pop/gems/rack-1.2.2/lib/rack/handler/thin.rb:14:in `run'
 /Users/ningj/.rvm/gems/ruby-1.9.2-p0@snp-crackle-pop/gems/padrino-core-0.9.22/lib/padrino-core/server.rb:43:in `build'
 /Users/ningj/.rvm/gems/ruby-1.9.2-p0@snp-crackle-pop/gems/padrino-core-0.9.22/lib/padrino-core/server.rb:14:in `run!'
 /Users/ningj/.rvm/gems/ruby-1.9.2-p0@snp-crackle-pop/gems/padrino-core-0.9.22/lib/padrino-core/cli/adapter.rb:29:in `start'
 /Users/ningj/.rvm/gems/ruby-1.9.2-p0@snp-crackle-pop/gems/padrino-core-0.9.22/lib/padrino-core/cli/base.rb:23:in `start'
 /Users/ningj/.rvm/gems/ruby-1.9.2-p0@global/gems/thor-0.14.6/lib/thor/task.rb:22:in `run'
 /Users/ningj/.rvm/gems/ruby-1.9.2-p0@global/gems/thor-0.14.6/lib/thor/invocation.rb:118:in `invoke_task'
 /Users/ningj/.rvm/gems/ruby-1.9.2-p0@global/gems/thor-0.14.6/lib/thor.rb:263:in `dispatch'
 /Users/ningj/.rvm/gems/ruby-1.9.2-p0@global/gems/thor-0.14.6/lib/thor/base.rb:389:in `start'
 /Users/ningj/.rvm/gems/ruby-1.9.2-p0@snp-crackle-pop/gems/padrino-core-0.9.22/bin/padrino:8:in `<top (required)>'
 /Users/ningj/.rvm/gems/ruby-1.9.2-p0@snp-crackle-pop/bin/padrino:19:in `load'
 /Users/ningj/.rvm/gems/ruby-1.9.2-p0@snp-crackle-pop/bin/padrino:19:in `<main>'"
[31m  ERROR[0m - [[33m17/May/2011 13:14:48[0m] "SnpCracklePop::MyCustomError - SnpCracklePop::MyCustomError:
 /Users/ningj/dev/projects/snp-crackle-pop/app/app.rb:30:in `block in <class:SnpCracklePop>'
 /Users/ningj/.rvm/gems/ruby-1.9.2-p0@snp-crackle-pop/gems/padrino-core-0.9.22/lib/padrino-core/application/routing.rb:349:in `call'
 /Users/ningj/.rvm/gems/ruby-1.9.2-p0@snp-crackle-pop/gems/padrino-core-0.9.22/lib/padrino-core/application/routing.rb:349:in `block in route'
 /Users/ningj/.rvm/gems/ruby-1.9.2-p0@snp-crackle-pop/gems/sinatra-1.1.4/lib/sinatra/base.rb:649:in `instance_eval'
 /Users/ningj/.rvm/gems/ruby-1.9.2-p0@snp-crackle-pop/gems/sinatra-1.1.4/lib/sinatra/base.rb:649:in `route_eval'
 /Users/ningj/.rvm/gems/ruby-1.9.2-p0@snp-crackle-pop/gems/padrino-core-0.9.22/lib/padrino-core/application/routing.rb:629:in `block (3 levels) in route!'
 /Users/ningj/.rvm/gems/ruby-1.9.2-p0@snp-crackle-pop/gems/padrino-core-0.9.22/lib/padrino-core/application/routing.rb:629:in `catch'
 /Users/ningj/.rvm/gems/ruby-1.9.2-p0@snp-crackle-pop/gems/padrino-core-0.9.22/lib/padrino-core/application/routing.rb:629:in `block (2 levels) in route!'
 /Users/ningj/.rvm/gems/ruby-1.9.2-p0@snp-crackle-pop/gems/padrino-core-0.9.22/lib/padrino-core/application/routing.rb:621:in `catch'
 /Users/ningj/.rvm/gems/ruby-1.9.2-p0@snp-crackle-pop/gems/padrino-core-0.9.22/lib/padrino-core/application/routing.rb:621:in `block in route!'
 /Users/ningj/.rvm/gems/ruby-1.9.2-p0@snp-crackle-pop/gems/padrino-core-0.9.22/lib/padrino-core/application/routing.rb:610:in `each'
 /Users/ningj/.rvm/gems/ruby-1.9.2-p0@snp-crackle-pop/gems/padrino-core-0.9.22/lib/padrino-core/application/routing.rb:610:in `route!'
 /Users/ningj/.rvm/gems/ruby-1.9.2-p0@snp-crackle-pop/gems/sinatra-1.1.4/lib/sinatra/base.rb:766:in `dispatch!'
 /Users/ningj/.rvm/gems/ruby-1.9.2-p0@snp-crackle-pop/gems/sinatra-1.1.4/lib/sinatra/base.rb:559:in `block in call!'
 /Users/ningj/.rvm/gems/ruby-1.9.2-p0@snp-crackle-pop/gems/sinatra-1.1.4/lib/sinatra/base.rb:731:in `instance_eval'
 /Users/ningj/.rvm/gems/ruby-1.9.2-p0@snp-crackle-pop/gems/sinatra-1.1.4/lib/sinatra/base.rb:731:in `block in invoke'
 /Users/ningj/.rvm/gems/ruby-1.9.2-p0@snp-crackle-pop/gems/sinatra-1.1.4/lib/sinatra/base.rb:731:in `catch'
 /Users/ningj/.rvm/gems/ruby-1.9.2-p0@snp-crackle-pop/gems/sinatra-1.1.4/lib/sinatra/base.rb:731:in `invoke'
 /Users/ningj/.rvm/gems/ruby-1.9.2-p0@snp-crackle-pop/gems/sinatra-1.1.4/lib/sinatra/base.rb:559:in `call!'
 /Users/ningj/.rvm/gems/ruby-1.9.2-p0@snp-crackle-pop/gems/sinatra-1.1.4/lib/sinatra/base.rb:544:in `call'
 /Users/ningj/.rvm/gems/ruby-1.9.2-p0@snp-crackle-pop/gems/sass-3.1.1/lib/sass/plugin/rack.rb:54:in `call'
 /Users/ningj/.rvm/gems/ruby-1.9.2-p0@snp-crackle-pop/gems/sinatra-1.1.4/lib/sinatra/base.rb:1173:in `block in call'
 /Users/ningj/.rvm/gems/ruby-1.9.2-p0@snp-crackle-pop/gems/sinatra-1.1.4/lib/sinatra/base.rb:1199:in `synchronize'
 /Users/ningj/.rvm/gems/ruby-1.9.2-p0@snp-crackle-pop/gems/sinatra-1.1.4/lib/sinatra/base.rb:1173:in `call'
 /Users/ningj/.rvm/gems/ruby-1.9.2-p0@snp-crackle-pop/gems/padrino-core-0.9.22/lib/padrino-core/router.rb:71:in `block in call'
 /Users/ningj/.rvm/gems/ruby-1.9.2-p0@snp-crackle-pop/gems/padrino-core-0.9.22/lib/padrino-core/router.rb:64:in `each'
 /Users/ningj/.rvm/gems/ruby-1.9.2-p0@snp-crackle-pop/gems/padrino-core-0.9.22/lib/padrino-core/router.rb:64:in `call'
 /Users/ningj/.rvm/gems/ruby-1.9.2-p0@snp-crackle-pop/gems/rack-1.2.2/lib/rack/content_length.rb:13:in `call'
 /Users/ningj/.rvm/gems/ruby-1.9.2-p0@snp-crackle-pop/gems/rack-1.2.2/lib/rack/chunked.rb:15:in `call'
 /Users/ningj/.rvm/gems/ruby-1.9.2-p0@snp-crackle-pop/gems/thin-1.2.7/lib/thin/connection.rb:76:in `block in pre_process'
 /Users/ningj/.rvm/gems/ruby-1.9.2-p0@snp-crackle-pop/gems/thin-1.2.7/lib/thin/connection.rb:74:in `catch'
 /Users/ningj/.rvm/gems/ruby-1.9.2-p0@snp-crackle-pop/gems/thin-1.2.7/lib/thin/connection.rb:74:in `pre_process'
 /Users/ningj/.rvm/gems/ruby-1.9.2-p0@snp-crackle-pop/gems/thin-1.2.7/lib/thin/connection.rb:57:in `process'
 /Users/ningj/.rvm/gems/ruby-1.9.2-p0@snp-crackle-pop/gems/thin-1.2.7/lib/thin/connection.rb:42:in `receive_data'
 /Users/ningj/.rvm/gems/ruby-1.9.2-p0@snp-crackle-pop/gems/eventmachine-0.12.10/lib/eventmachine.rb:256:in `run_machine'
 /Users/ningj/.rvm/gems/ruby-1.9.2-p0@snp-crackle-pop/gems/eventmachine-0.12.10/lib/eventmachine.rb:256:in `run'
 /Users/ningj/.rvm/gems/ruby-1.9.2-p0@snp-crackle-pop/gems/thin-1.2.7/lib/thin/backends/base.rb:57:in `start'
 /Users/ningj/.rvm/gems/ruby-1.9.2-p0@snp-crackle-pop/gems/thin-1.2.7/lib/thin/server.rb:156:in `start'
 /Users/ningj/.rvm/gems/ruby-1.9.2-p0@snp-crackle-pop/gems/rack-1.2.2/lib/rack/handler/thin.rb:14:in `run'
 /Users/ningj/.rvm/gems/ruby-1.9.2-p0@snp-crackle-pop/gems/padrino-core-0.9.22/lib/padrino-core/server.rb:43:in `build'
 /Users/ningj/.rvm/gems/ruby-1.9.2-p0@snp-crackle-pop/gems/padrino-core-0.9.22/lib/padrino-core/server.rb:14:in `run!'
 /Users/ningj/.rvm/gems/ruby-1.9.2-p0@snp-crackle-pop/gems/padrino-core-0.9.22/lib/padrino-core/cli/adapter.rb:29:in `start'
 /Users/ningj/.rvm/gems/ruby-1.9.2-p0@snp-crackle-pop/gems/padrino-core-0.9.22/lib/padrino-core/cli/base.rb:23:in `start'
 /Users/ningj/.rvm/gems/ruby-1.9.2-p0@global/gems/thor-0.14.6/lib/thor/task.rb:22:in `run'
 /Users/ningj/.rvm/gems/ruby-1.9.2-p0@global/gems/thor-0.14.6/lib/thor/invocation.rb:118:in `invoke_task'
 /Users/ningj/.rvm/gems/ruby-1.9.2-p0@global/gems/thor-0.14.6/lib/thor.rb:263:in `dispatch'
 /Users/ningj/.rvm/gems/ruby-1.9.2-p0@global/gems/thor-0.14.6/lib/thor/base.rb:389:in `start'
 /Users/ningj/.rvm/gems/ruby-1.9.2-p0@snp-crackle-pop/gems/padrino-core-0.9.22/bin/padrino:8:in `<top (required)>'
 /Users/ningj/.rvm/gems/ruby-1.9.2-p0@snp-crackle-pop/bin/padrino:19:in `load'
 /Users/ningj/.rvm/gems/ruby-1.9.2-p0@snp-crackle-pop/bin/padrino:19:in `<main>'"
[31m  ERROR[0m - [[33m17/May/2011 13:17:29[0m] "RuntimeError - asdf:
 /Users/ningj/dev/projects/snp-crackle-pop/app/app.rb:28:in `block in <class:SnpCracklePop>'
 /Users/ningj/.rvm/gems/ruby-1.9.2-p0@snp-crackle-pop/gems/padrino-core-0.9.22/lib/padrino-core/application/routing.rb:349:in `call'
 /Users/ningj/.rvm/gems/ruby-1.9.2-p0@snp-crackle-pop/gems/padrino-core-0.9.22/lib/padrino-core/application/routing.rb:349:in `block in route'
 /Users/ningj/.rvm/gems/ruby-1.9.2-p0@snp-crackle-pop/gems/sinatra-1.1.4/lib/sinatra/base.rb:649:in `instance_eval'
 /Users/ningj/.rvm/gems/ruby-1.9.2-p0@snp-crackle-pop/gems/sinatra-1.1.4/lib/sinatra/base.rb:649:in `route_eval'
 /Users/ningj/.rvm/gems/ruby-1.9.2-p0@snp-crackle-pop/gems/padrino-core-0.9.22/lib/padrino-core/application/routing.rb:629:in `block (3 levels) in route!'
 /Users/ningj/.rvm/gems/ruby-1.9.2-p0@snp-crackle-pop/gems/padrino-core-0.9.22/lib/padrino-core/application/routing.rb:629:in `catch'
 /Users/ningj/.rvm/gems/ruby-1.9.2-p0@snp-crackle-pop/gems/padrino-core-0.9.22/lib/padrino-core/application/routing.rb:629:in `block (2 levels) in route!'
 /Users/ningj/.rvm/gems/ruby-1.9.2-p0@snp-crackle-pop/gems/padrino-core-0.9.22/lib/padrino-core/application/routing.rb:621:in `catch'
 /Users/ningj/.rvm/gems/ruby-1.9.2-p0@snp-crackle-pop/gems/padrino-core-0.9.22/lib/padrino-core/application/routing.rb:621:in `block in route!'
 /Users/ningj/.rvm/gems/ruby-1.9.2-p0@snp-crackle-pop/gems/padrino-core-0.9.22/lib/padrino-core/application/routing.rb:610:in `each'
 /Users/ningj/.rvm/gems/ruby-1.9.2-p0@snp-crackle-pop/gems/padrino-core-0.9.22/lib/padrino-core/application/routing.rb:610:in `route!'
 /Users/ningj/.rvm/gems/ruby-1.9.2-p0@snp-crackle-pop/gems/sinatra-1.1.4/lib/sinatra/base.rb:766:in `dispatch!'
 /Users/ningj/.rvm/gems/ruby-1.9.2-p0@snp-crackle-pop/gems/sinatra-1.1.4/lib/sinatra/base.rb:559:in `block in call!'
 /Users/ningj/.rvm/gems/ruby-1.9.2-p0@snp-crackle-pop/gems/sinatra-1.1.4/lib/sinatra/base.rb:731:in `instance_eval'
 /Users/ningj/.rvm/gems/ruby-1.9.2-p0@snp-crackle-pop/gems/sinatra-1.1.4/lib/sinatra/base.rb:731:in `block in invoke'
 /Users/ningj/.rvm/gems/ruby-1.9.2-p0@snp-crackle-pop/gems/sinatra-1.1.4/lib/sinatra/base.rb:731:in `catch'
 /Users/ningj/.rvm/gems/ruby-1.9.2-p0@snp-crackle-pop/gems/sinatra-1.1.4/lib/sinatra/base.rb:731:in `invoke'
 /Users/ningj/.rvm/gems/ruby-1.9.2-p0@snp-crackle-pop/gems/sinatra-1.1.4/lib/sinatra/base.rb:559:in `call!'
 /Users/ningj/.rvm/gems/ruby-1.9.2-p0@snp-crackle-pop/gems/sinatra-1.1.4/lib/sinatra/base.rb:544:in `call'
 /Users/ningj/.rvm/gems/ruby-1.9.2-p0@snp-crackle-pop/gems/sass-3.1.1/lib/sass/plugin/rack.rb:54:in `call'
 /Users/ningj/.rvm/gems/ruby-1.9.2-p0@snp-crackle-pop/gems/sinatra-1.1.4/lib/sinatra/base.rb:1173:in `block in call'
 /Users/ningj/.rvm/gems/ruby-1.9.2-p0@snp-crackle-pop/gems/sinatra-1.1.4/lib/sinatra/base.rb:1199:in `synchronize'
 /Users/ningj/.rvm/gems/ruby-1.9.2-p0@snp-crackle-pop/gems/sinatra-1.1.4/lib/sinatra/base.rb:1173:in `call'
 /Users/ningj/.rvm/gems/ruby-1.9.2-p0@snp-crackle-pop/gems/padrino-core-0.9.22/lib/padrino-core/router.rb:71:in `block in call'
 /Users/ningj/.rvm/gems/ruby-1.9.2-p0@snp-crackle-pop/gems/padrino-core-0.9.22/lib/padrino-core/router.rb:64:in `each'
 /Users/ningj/.rvm/gems/ruby-1.9.2-p0@snp-crackle-pop/gems/padrino-core-0.9.22/lib/padrino-core/router.rb:64:in `call'
 /Users/ningj/.rvm/gems/ruby-1.9.2-p0@snp-crackle-pop/gems/rack-1.2.2/lib/rack/content_length.rb:13:in `call'
 /Users/ningj/.rvm/gems/ruby-1.9.2-p0@snp-crackle-pop/gems/rack-1.2.2/lib/rack/chunked.rb:15:in `call'
 /Users/ningj/.rvm/gems/ruby-1.9.2-p0@snp-crackle-pop/gems/thin-1.2.7/lib/thin/connection.rb:76:in `block in pre_process'
 /Users/ningj/.rvm/gems/ruby-1.9.2-p0@snp-crackle-pop/gems/thin-1.2.7/lib/thin/connection.rb:74:in `catch'
 /Users/ningj/.rvm/gems/ruby-1.9.2-p0@snp-crackle-pop/gems/thin-1.2.7/lib/thin/connection.rb:74:in `pre_process'
 /Users/ningj/.rvm/gems/ruby-1.9.2-p0@snp-crackle-pop/gems/thin-1.2.7/lib/thin/connection.rb:57:in `process'
 /Users/ningj/.rvm/gems/ruby-1.9.2-p0@snp-crackle-pop/gems/thin-1.2.7/lib/thin/connection.rb:42:in `receive_data'
 /Users/ningj/.rvm/gems/ruby-1.9.2-p0@snp-crackle-pop/gems/eventmachine-0.12.10/lib/eventmachine.rb:256:in `run_machine'
 /Users/ningj/.rvm/gems/ruby-1.9.2-p0@snp-crackle-pop/gems/eventmachine-0.12.10/lib/eventmachine.rb:256:in `run'
 /Users/ningj/.rvm/gems/ruby-1.9.2-p0@snp-crackle-pop/gems/thin-1.2.7/lib/thin/backends/base.rb:57:in `start'
 /Users/ningj/.rvm/gems/ruby-1.9.2-p0@snp-crackle-pop/gems/thin-1.2.7/lib/thin/server.rb:156:in `start'
 /Users/ningj/.rvm/gems/ruby-1.9.2-p0@snp-crackle-pop/gems/rack-1.2.2/lib/rack/handler/thin.rb:14:in `run'
 /Users/ningj/.rvm/gems/ruby-1.9.2-p0@snp-crackle-pop/gems/padrino-core-0.9.22/lib/padrino-core/server.rb:43:in `build'
 /Users/ningj/.rvm/gems/ruby-1.9.2-p0@snp-crackle-pop/gems/padrino-core-0.9.22/lib/padrino-core/server.rb:14:in `run!'
 /Users/ningj/.rvm/gems/ruby-1.9.2-p0@snp-crackle-pop/gems/padrino-core-0.9.22/lib/padrino-core/cli/adapter.rb:29:in `start'
 /Users/ningj/.rvm/gems/ruby-1.9.2-p0@snp-crackle-pop/gems/padrino-core-0.9.22/lib/padrino-core/cli/base.rb:23:in `start'
 /Users/ningj/.rvm/gems/ruby-1.9.2-p0@global/gems/thor-0.14.6/lib/thor/task.rb:22:in `run'
 /Users/ningj/.rvm/gems/ruby-1.9.2-p0@global/gems/thor-0.14.6/lib/thor/invocation.rb:118:in `invoke_task'
 /Users/ningj/.rvm/gems/ruby-1.9.2-p0@global/gems/thor-0.14.6/lib/thor.rb:263:in `dispatch'
 /Users/ningj/.rvm/gems/ruby-1.9.2-p0@global/gems/thor-0.14.6/lib/thor/base.rb:389:in `start'
 /Users/ningj/.rvm/gems/ruby-1.9.2-p0@snp-crackle-pop/gems/padrino-core-0.9.22/bin/padrino:8:in `<top (required)>'
 /Users/ningj/.rvm/gems/ruby-1.9.2-p0@snp-crackle-pop/bin/padrino:19:in `load'
 /Users/ningj/.rvm/gems/ruby-1.9.2-p0@snp-crackle-pop/bin/padrino:19:in `<main>'"
[31m  ERROR[0m - [[33m17/May/2011 13:26:45[0m] "RuntimeError - asdf:
 /Users/ningj/dev/projects/snp-crackle-pop/app/app.rb:32:in `block in <class:SnpCracklePop>'
 /Users/ningj/.rvm/gems/ruby-1.9.2-p0@snp-crackle-pop/gems/padrino-core-0.9.22/lib/padrino-core/application/routing.rb:349:in `call'
 /Users/ningj/.rvm/gems/ruby-1.9.2-p0@snp-crackle-pop/gems/padrino-core-0.9.22/lib/padrino-core/application/routing.rb:349:in `block in route'
 /Users/ningj/.rvm/gems/ruby-1.9.2-p0@snp-crackle-pop/gems/sinatra-1.1.4/lib/sinatra/base.rb:649:in `instance_eval'
 /Users/ningj/.rvm/gems/ruby-1.9.2-p0@snp-crackle-pop/gems/sinatra-1.1.4/lib/sinatra/base.rb:649:in `route_eval'
 /Users/ningj/.rvm/gems/ruby-1.9.2-p0@snp-crackle-pop/gems/padrino-core-0.9.22/lib/padrino-core/application/routing.rb:629:in `block (3 levels) in route!'
 /Users/ningj/.rvm/gems/ruby-1.9.2-p0@snp-crackle-pop/gems/padrino-core-0.9.22/lib/padrino-core/application/routing.rb:629:in `catch'
 /Users/ningj/.rvm/gems/ruby-1.9.2-p0@snp-crackle-pop/gems/padrino-core-0.9.22/lib/padrino-core/application/routing.rb:629:in `block (2 levels) in route!'
 /Users/ningj/.rvm/gems/ruby-1.9.2-p0@snp-crackle-pop/gems/padrino-core-0.9.22/lib/padrino-core/application/routing.rb:621:in `catch'
 /Users/ningj/.rvm/gems/ruby-1.9.2-p0@snp-crackle-pop/gems/padrino-core-0.9.22/lib/padrino-core/application/routing.rb:621:in `block in route!'
 /Users/ningj/.rvm/gems/ruby-1.9.2-p0@snp-crackle-pop/gems/padrino-core-0.9.22/lib/padrino-core/application/routing.rb:610:in `each'
 /Users/ningj/.rvm/gems/ruby-1.9.2-p0@snp-crackle-pop/gems/padrino-core-0.9.22/lib/padrino-core/application/routing.rb:610:in `route!'
 /Users/ningj/.rvm/gems/ruby-1.9.2-p0@snp-crackle-pop/gems/sinatra-1.1.4/lib/sinatra/base.rb:766:in `dispatch!'
 /Users/ningj/.rvm/gems/ruby-1.9.2-p0@snp-crackle-pop/gems/sinatra-1.1.4/lib/sinatra/base.rb:559:in `block in call!'
 /Users/ningj/.rvm/gems/ruby-1.9.2-p0@snp-crackle-pop/gems/sinatra-1.1.4/lib/sinatra/base.rb:731:in `instance_eval'
 /Users/ningj/.rvm/gems/ruby-1.9.2-p0@snp-crackle-pop/gems/sinatra-1.1.4/lib/sinatra/base.rb:731:in `block in invoke'
 /Users/ningj/.rvm/gems/ruby-1.9.2-p0@snp-crackle-pop/gems/sinatra-1.1.4/lib/sinatra/base.rb:731:in `catch'
 /Users/ningj/.rvm/gems/ruby-1.9.2-p0@snp-crackle-pop/gems/sinatra-1.1.4/lib/sinatra/base.rb:731:in `invoke'
 /Users/ningj/.rvm/gems/ruby-1.9.2-p0@snp-crackle-pop/gems/sinatra-1.1.4/lib/sinatra/base.rb:559:in `call!'
 /Users/ningj/.rvm/gems/ruby-1.9.2-p0@snp-crackle-pop/gems/sinatra-1.1.4/lib/sinatra/base.rb:544:in `call'
 /Users/ningj/.rvm/gems/ruby-1.9.2-p0@snp-crackle-pop/gems/sass-3.1.1/lib/sass/plugin/rack.rb:54:in `call'
 /Users/ningj/.rvm/gems/ruby-1.9.2-p0@snp-crackle-pop/gems/sinatra-1.1.4/lib/sinatra/base.rb:1173:in `block in call'
 /Users/ningj/.rvm/gems/ruby-1.9.2-p0@snp-crackle-pop/gems/sinatra-1.1.4/lib/sinatra/base.rb:1199:in `synchronize'
 /Users/ningj/.rvm/gems/ruby-1.9.2-p0@snp-crackle-pop/gems/sinatra-1.1.4/lib/sinatra/base.rb:1173:in `call'
 /Users/ningj/.rvm/gems/ruby-1.9.2-p0@snp-crackle-pop/gems/padrino-core-0.9.22/lib/padrino-core/router.rb:71:in `block in call'
 /Users/ningj/.rvm/gems/ruby-1.9.2-p0@snp-crackle-pop/gems/padrino-core-0.9.22/lib/padrino-core/router.rb:64:in `each'
 /Users/ningj/.rvm/gems/ruby-1.9.2-p0@snp-crackle-pop/gems/padrino-core-0.9.22/lib/padrino-core/router.rb:64:in `call'
 /Users/ningj/.rvm/gems/ruby-1.9.2-p0@snp-crackle-pop/gems/rack-1.2.2/lib/rack/content_length.rb:13:in `call'
 /Users/ningj/.rvm/gems/ruby-1.9.2-p0@snp-crackle-pop/gems/rack-1.2.2/lib/rack/chunked.rb:15:in `call'
 /Users/ningj/.rvm/gems/ruby-1.9.2-p0@snp-crackle-pop/gems/thin-1.2.7/lib/thin/connection.rb:76:in `block in pre_process'
 /Users/ningj/.rvm/gems/ruby-1.9.2-p0@snp-crackle-pop/gems/thin-1.2.7/lib/thin/connection.rb:74:in `catch'
 /Users/ningj/.rvm/gems/ruby-1.9.2-p0@snp-crackle-pop/gems/thin-1.2.7/lib/thin/connection.rb:74:in `pre_process'
 /Users/ningj/.rvm/gems/ruby-1.9.2-p0@snp-crackle-pop/gems/thin-1.2.7/lib/thin/connection.rb:57:in `process'
 /Users/ningj/.rvm/gems/ruby-1.9.2-p0@snp-crackle-pop/gems/thin-1.2.7/lib/thin/connection.rb:42:in `receive_data'
 /Users/ningj/.rvm/gems/ruby-1.9.2-p0@snp-crackle-pop/gems/eventmachine-0.12.10/lib/eventmachine.rb:256:in `run_machine'
 /Users/ningj/.rvm/gems/ruby-1.9.2-p0@snp-crackle-pop/gems/eventmachine-0.12.10/lib/eventmachine.rb:256:in `run'
 /Users/ningj/.rvm/gems/ruby-1.9.2-p0@snp-crackle-pop/gems/thin-1.2.7/lib/thin/backends/base.rb:57:in `start'
 /Users/ningj/.rvm/gems/ruby-1.9.2-p0@snp-crackle-pop/gems/thin-1.2.7/lib/thin/server.rb:156:in `start'
 /Users/ningj/.rvm/gems/ruby-1.9.2-p0@snp-crackle-pop/gems/rack-1.2.2/lib/rack/handler/thin.rb:14:in `run'
 /Users/ningj/.rvm/gems/ruby-1.9.2-p0@snp-crackle-pop/gems/padrino-core-0.9.22/lib/padrino-core/server.rb:43:in `build'
 /Users/ningj/.rvm/gems/ruby-1.9.2-p0@snp-crackle-pop/gems/padrino-core-0.9.22/lib/padrino-core/server.rb:14:in `run!'
 /Users/ningj/.rvm/gems/ruby-1.9.2-p0@snp-crackle-pop/gems/padrino-core-0.9.22/lib/padrino-core/cli/adapter.rb:29:in `start'
 /Users/ningj/.rvm/gems/ruby-1.9.2-p0@snp-crackle-pop/gems/padrino-core-0.9.22/lib/padrino-core/cli/base.rb:23:in `start'
 /Users/ningj/.rvm/gems/ruby-1.9.2-p0@global/gems/thor-0.14.6/lib/thor/task.rb:22:in `run'
 /Users/ningj/.rvm/gems/ruby-1.9.2-p0@global/gems/thor-0.14.6/lib/thor/invocation.rb:118:in `invoke_task'
 /Users/ningj/.rvm/gems/ruby-1.9.2-p0@global/gems/thor-0.14.6/lib/thor.rb:263:in `dispatch'
 /Users/ningj/.rvm/gems/ruby-1.9.2-p0@global/gems/thor-0.14.6/lib/thor/base.rb:389:in `start'
 /Users/ningj/.rvm/gems/ruby-1.9.2-p0@snp-crackle-pop/gems/padrino-core-0.9.22/bin/padrino:8:in `<top (required)>'
 /Users/ningj/.rvm/gems/ruby-1.9.2-p0@snp-crackle-pop/bin/padrino:19:in `load'
 /Users/ningj/.rvm/gems/ruby-1.9.2-p0@snp-crackle-pop/bin/padrino:19:in `<main>'"
[31m  ERROR[0m - [[33m17/May/2011 13:27:06[0m] "RuntimeError - asdf:
 /Users/ningj/dev/projects/snp-crackle-pop/app/app.rb:32:in `block in <class:SnpCracklePop>'
 /Users/ningj/.rvm/gems/ruby-1.9.2-p0@snp-crackle-pop/gems/padrino-core-0.9.22/lib/padrino-core/application/routing.rb:349:in `call'
 /Users/ningj/.rvm/gems/ruby-1.9.2-p0@snp-crackle-pop/gems/padrino-core-0.9.22/lib/padrino-core/application/routing.rb:349:in `block in route'
 /Users/ningj/.rvm/gems/ruby-1.9.2-p0@snp-crackle-pop/gems/sinatra-1.1.4/lib/sinatra/base.rb:649:in `instance_eval'
 /Users/ningj/.rvm/gems/ruby-1.9.2-p0@snp-crackle-pop/gems/sinatra-1.1.4/lib/sinatra/base.rb:649:in `route_eval'
 /Users/ningj/.rvm/gems/ruby-1.9.2-p0@snp-crackle-pop/gems/padrino-core-0.9.22/lib/padrino-core/application/routing.rb:629:in `block (3 levels) in route!'
 /Users/ningj/.rvm/gems/ruby-1.9.2-p0@snp-crackle-pop/gems/padrino-core-0.9.22/lib/padrino-core/application/routing.rb:629:in `catch'
 /Users/ningj/.rvm/gems/ruby-1.9.2-p0@snp-crackle-pop/gems/padrino-core-0.9.22/lib/padrino-core/application/routing.rb:629:in `block (2 levels) in route!'
 /Users/ningj/.rvm/gems/ruby-1.9.2-p0@snp-crackle-pop/gems/padrino-core-0.9.22/lib/padrino-core/application/routing.rb:621:in `catch'
 /Users/ningj/.rvm/gems/ruby-1.9.2-p0@snp-crackle-pop/gems/padrino-core-0.9.22/lib/padrino-core/application/routing.rb:621:in `block in route!'
 /Users/ningj/.rvm/gems/ruby-1.9.2-p0@snp-crackle-pop/gems/padrino-core-0.9.22/lib/padrino-core/application/routing.rb:610:in `each'
 /Users/ningj/.rvm/gems/ruby-1.9.2-p0@snp-crackle-pop/gems/padrino-core-0.9.22/lib/padrino-core/application/routing.rb:610:in `route!'
 /Users/ningj/.rvm/gems/ruby-1.9.2-p0@snp-crackle-pop/gems/sinatra-1.1.4/lib/sinatra/base.rb:766:in `dispatch!'
 /Users/ningj/.rvm/gems/ruby-1.9.2-p0@snp-crackle-pop/gems/sinatra-1.1.4/lib/sinatra/base.rb:559:in `block in call!'
 /Users/ningj/.rvm/gems/ruby-1.9.2-p0@snp-crackle-pop/gems/sinatra-1.1.4/lib/sinatra/base.rb:731:in `instance_eval'
 /Users/ningj/.rvm/gems/ruby-1.9.2-p0@snp-crackle-pop/gems/sinatra-1.1.4/lib/sinatra/base.rb:731:in `block in invoke'
 /Users/ningj/.rvm/gems/ruby-1.9.2-p0@snp-crackle-pop/gems/sinatra-1.1.4/lib/sinatra/base.rb:731:in `catch'
 /Users/ningj/.rvm/gems/ruby-1.9.2-p0@snp-crackle-pop/gems/sinatra-1.1.4/lib/sinatra/base.rb:731:in `invoke'
 /Users/ningj/.rvm/gems/ruby-1.9.2-p0@snp-crackle-pop/gems/sinatra-1.1.4/lib/sinatra/base.rb:559:in `call!'
 /Users/ningj/.rvm/gems/ruby-1.9.2-p0@snp-crackle-pop/gems/sinatra-1.1.4/lib/sinatra/base.rb:544:in `call'
 /Users/ningj/.rvm/gems/ruby-1.9.2-p0@snp-crackle-pop/gems/sass-3.1.1/lib/sass/plugin/rack.rb:54:in `call'
 /Users/ningj/.rvm/gems/ruby-1.9.2-p0@snp-crackle-pop/gems/sinatra-1.1.4/lib/sinatra/base.rb:1173:in `block in call'
 /Users/ningj/.rvm/gems/ruby-1.9.2-p0@snp-crackle-pop/gems/sinatra-1.1.4/lib/sinatra/base.rb:1199:in `synchronize'
 /Users/ningj/.rvm/gems/ruby-1.9.2-p0@snp-crackle-pop/gems/sinatra-1.1.4/lib/sinatra/base.rb:1173:in `call'
 /Users/ningj/.rvm/gems/ruby-1.9.2-p0@snp-crackle-pop/gems/padrino-core-0.9.22/lib/padrino-core/router.rb:71:in `block in call'
 /Users/ningj/.rvm/gems/ruby-1.9.2-p0@snp-crackle-pop/gems/padrino-core-0.9.22/lib/padrino-core/router.rb:64:in `each'
 /Users/ningj/.rvm/gems/ruby-1.9.2-p0@snp-crackle-pop/gems/padrino-core-0.9.22/lib/padrino-core/router.rb:64:in `call'
 /Users/ningj/.rvm/gems/ruby-1.9.2-p0@snp-crackle-pop/gems/rack-1.2.2/lib/rack/content_length.rb:13:in `call'
 /Users/ningj/.rvm/gems/ruby-1.9.2-p0@snp-crackle-pop/gems/rack-1.2.2/lib/rack/chunked.rb:15:in `call'
 /Users/ningj/.rvm/gems/ruby-1.9.2-p0@snp-crackle-pop/gems/thin-1.2.7/lib/thin/connection.rb:76:in `block in pre_process'
 /Users/ningj/.rvm/gems/ruby-1.9.2-p0@snp-crackle-pop/gems/thin-1.2.7/lib/thin/connection.rb:74:in `catch'
 /Users/ningj/.rvm/gems/ruby-1.9.2-p0@snp-crackle-pop/gems/thin-1.2.7/lib/thin/connection.rb:74:in `pre_process'
 /Users/ningj/.rvm/gems/ruby-1.9.2-p0@snp-crackle-pop/gems/thin-1.2.7/lib/thin/connection.rb:57:in `process'
 /Users/ningj/.rvm/gems/ruby-1.9.2-p0@snp-crackle-pop/gems/thin-1.2.7/lib/thin/connection.rb:42:in `receive_data'
 /Users/ningj/.rvm/gems/ruby-1.9.2-p0@snp-crackle-pop/gems/eventmachine-0.12.10/lib/eventmachine.rb:256:in `run_machine'
 /Users/ningj/.rvm/gems/ruby-1.9.2-p0@snp-crackle-pop/gems/eventmachine-0.12.10/lib/eventmachine.rb:256:in `run'
 /Users/ningj/.rvm/gems/ruby-1.9.2-p0@snp-crackle-pop/gems/thin-1.2.7/lib/thin/backends/base.rb:57:in `start'
 /Users/ningj/.rvm/gems/ruby-1.9.2-p0@snp-crackle-pop/gems/thin-1.2.7/lib/thin/server.rb:156:in `start'
 /Users/ningj/.rvm/gems/ruby-1.9.2-p0@snp-crackle-pop/gems/rack-1.2.2/lib/rack/handler/thin.rb:14:in `run'
 /Users/ningj/.rvm/gems/ruby-1.9.2-p0@snp-crackle-pop/gems/padrino-core-0.9.22/lib/padrino-core/server.rb:43:in `build'
 /Users/ningj/.rvm/gems/ruby-1.9.2-p0@snp-crackle-pop/gems/padrino-core-0.9.22/lib/padrino-core/server.rb:14:in `run!'
 /Users/ningj/.rvm/gems/ruby-1.9.2-p0@snp-crackle-pop/gems/padrino-core-0.9.22/lib/padrino-core/cli/adapter.rb:29:in `start'
 /Users/ningj/.rvm/gems/ruby-1.9.2-p0@snp-crackle-pop/gems/padrino-core-0.9.22/lib/padrino-core/cli/base.rb:23:in `start'
 /Users/ningj/.rvm/gems/ruby-1.9.2-p0@global/gems/thor-0.14.6/lib/thor/task.rb:22:in `run'
 /Users/ningj/.rvm/gems/ruby-1.9.2-p0@global/gems/thor-0.14.6/lib/thor/invocation.rb:118:in `invoke_task'
 /Users/ningj/.rvm/gems/ruby-1.9.2-p0@global/gems/thor-0.14.6/lib/thor.rb:263:in `dispatch'
 /Users/ningj/.rvm/gems/ruby-1.9.2-p0@global/gems/thor-0.14.6/lib/thor/base.rb:389:in `start'
 /Users/ningj/.rvm/gems/ruby-1.9.2-p0@snp-crackle-pop/gems/padrino-core-0.9.22/bin/padrino:8:in `<top (required)>'
 /Users/ningj/.rvm/gems/ruby-1.9.2-p0@snp-crackle-pop/bin/padrino:19:in `load'
 /Users/ningj/.rvm/gems/ruby-1.9.2-p0@snp-crackle-pop/bin/padrino:19:in `<main>'"
[31m  ERROR[0m - [[33m17/May/2011 13:27:17[0m] "RuntimeError - asdf:
 /Users/ningj/dev/projects/snp-crackle-pop/app/app.rb:32:in `block in <class:SnpCracklePop>'
 /Users/ningj/.rvm/gems/ruby-1.9.2-p0@snp-crackle-pop/gems/padrino-core-0.9.22/lib/padrino-core/application/routing.rb:349:in `call'
 /Users/ningj/.rvm/gems/ruby-1.9.2-p0@snp-crackle-pop/gems/padrino-core-0.9.22/lib/padrino-core/application/routing.rb:349:in `block in route'
 /Users/ningj/.rvm/gems/ruby-1.9.2-p0@snp-crackle-pop/gems/sinatra-1.1.4/lib/sinatra/base.rb:649:in `instance_eval'
 /Users/ningj/.rvm/gems/ruby-1.9.2-p0@snp-crackle-pop/gems/sinatra-1.1.4/lib/sinatra/base.rb:649:in `route_eval'
 /Users/ningj/.rvm/gems/ruby-1.9.2-p0@snp-crackle-pop/gems/padrino-core-0.9.22/lib/padrino-core/application/routing.rb:629:in `block (3 levels) in route!'
 /Users/ningj/.rvm/gems/ruby-1.9.2-p0@snp-crackle-pop/gems/padrino-core-0.9.22/lib/padrino-core/application/routing.rb:629:in `catch'
 /Users/ningj/.rvm/gems/ruby-1.9.2-p0@snp-crackle-pop/gems/padrino-core-0.9.22/lib/padrino-core/application/routing.rb:629:in `block (2 levels) in route!'
 /Users/ningj/.rvm/gems/ruby-1.9.2-p0@snp-crackle-pop/gems/padrino-core-0.9.22/lib/padrino-core/application/routing.rb:621:in `catch'
 /Users/ningj/.rvm/gems/ruby-1.9.2-p0@snp-crackle-pop/gems/padrino-core-0.9.22/lib/padrino-core/application/routing.rb:621:in `block in route!'
 /Users/ningj/.rvm/gems/ruby-1.9.2-p0@snp-crackle-pop/gems/padrino-core-0.9.22/lib/padrino-core/application/routing.rb:610:in `each'
 /Users/ningj/.rvm/gems/ruby-1.9.2-p0@snp-crackle-pop/gems/padrino-core-0.9.22/lib/padrino-core/application/routing.rb:610:in `route!'
 /Users/ningj/.rvm/gems/ruby-1.9.2-p0@snp-crackle-pop/gems/sinatra-1.1.4/lib/sinatra/base.rb:766:in `dispatch!'
 /Users/ningj/.rvm/gems/ruby-1.9.2-p0@snp-crackle-pop/gems/sinatra-1.1.4/lib/sinatra/base.rb:559:in `block in call!'
 /Users/ningj/.rvm/gems/ruby-1.9.2-p0@snp-crackle-pop/gems/sinatra-1.1.4/lib/sinatra/base.rb:731:in `instance_eval'
 /Users/ningj/.rvm/gems/ruby-1.9.2-p0@snp-crackle-pop/gems/sinatra-1.1.4/lib/sinatra/base.rb:731:in `block in invoke'
 /Users/ningj/.rvm/gems/ruby-1.9.2-p0@snp-crackle-pop/gems/sinatra-1.1.4/lib/sinatra/base.rb:731:in `catch'
 /Users/ningj/.rvm/gems/ruby-1.9.2-p0@snp-crackle-pop/gems/sinatra-1.1.4/lib/sinatra/base.rb:731:in `invoke'
 /Users/ningj/.rvm/gems/ruby-1.9.2-p0@snp-crackle-pop/gems/sinatra-1.1.4/lib/sinatra/base.rb:559:in `call!'
 /Users/ningj/.rvm/gems/ruby-1.9.2-p0@snp-crackle-pop/gems/sinatra-1.1.4/lib/sinatra/base.rb:544:in `call'
 /Users/ningj/.rvm/gems/ruby-1.9.2-p0@snp-crackle-pop/gems/sass-3.1.1/lib/sass/plugin/rack.rb:54:in `call'
 /Users/ningj/.rvm/gems/ruby-1.9.2-p0@snp-crackle-pop/gems/sinatra-1.1.4/lib/sinatra/base.rb:1173:in `block in call'
 /Users/ningj/.rvm/gems/ruby-1.9.2-p0@snp-crackle-pop/gems/sinatra-1.1.4/lib/sinatra/base.rb:1199:in `synchronize'
 /Users/ningj/.rvm/gems/ruby-1.9.2-p0@snp-crackle-pop/gems/sinatra-1.1.4/lib/sinatra/base.rb:1173:in `call'
 /Users/ningj/.rvm/gems/ruby-1.9.2-p0@snp-crackle-pop/gems/padrino-core-0.9.22/lib/padrino-core/router.rb:71:in `block in call'
 /Users/ningj/.rvm/gems/ruby-1.9.2-p0@snp-crackle-pop/gems/padrino-core-0.9.22/lib/padrino-core/router.rb:64:in `each'
 /Users/ningj/.rvm/gems/ruby-1.9.2-p0@snp-crackle-pop/gems/padrino-core-0.9.22/lib/padrino-core/router.rb:64:in `call'
 /Users/ningj/.rvm/gems/ruby-1.9.2-p0@snp-crackle-pop/gems/rack-1.2.2/lib/rack/content_length.rb:13:in `call'
 /Users/ningj/.rvm/gems/ruby-1.9.2-p0@snp-crackle-pop/gems/rack-1.2.2/lib/rack/chunked.rb:15:in `call'
 /Users/ningj/.rvm/gems/ruby-1.9.2-p0@snp-crackle-pop/gems/thin-1.2.7/lib/thin/connection.rb:76:in `block in pre_process'
 /Users/ningj/.rvm/gems/ruby-1.9.2-p0@snp-crackle-pop/gems/thin-1.2.7/lib/thin/connection.rb:74:in `catch'
 /Users/ningj/.rvm/gems/ruby-1.9.2-p0@snp-crackle-pop/gems/thin-1.2.7/lib/thin/connection.rb:74:in `pre_process'
 /Users/ningj/.rvm/gems/ruby-1.9.2-p0@snp-crackle-pop/gems/thin-1.2.7/lib/thin/connection.rb:57:in `process'
 /Users/ningj/.rvm/gems/ruby-1.9.2-p0@snp-crackle-pop/gems/thin-1.2.7/lib/thin/connection.rb:42:in `receive_data'
 /Users/ningj/.rvm/gems/ruby-1.9.2-p0@snp-crackle-pop/gems/eventmachine-0.12.10/lib/eventmachine.rb:256:in `run_machine'
 /Users/ningj/.rvm/gems/ruby-1.9.2-p0@snp-crackle-pop/gems/eventmachine-0.12.10/lib/eventmachine.rb:256:in `run'
 /Users/ningj/.rvm/gems/ruby-1.9.2-p0@snp-crackle-pop/gems/thin-1.2.7/lib/thin/backends/base.rb:57:in `start'
 /Users/ningj/.rvm/gems/ruby-1.9.2-p0@snp-crackle-pop/gems/thin-1.2.7/lib/thin/server.rb:156:in `start'
 /Users/ningj/.rvm/gems/ruby-1.9.2-p0@snp-crackle-pop/gems/rack-1.2.2/lib/rack/handler/thin.rb:14:in `run'
 /Users/ningj/.rvm/gems/ruby-1.9.2-p0@snp-crackle-pop/gems/padrino-core-0.9.22/lib/padrino-core/server.rb:43:in `build'
 /Users/ningj/.rvm/gems/ruby-1.9.2-p0@snp-crackle-pop/gems/padrino-core-0.9.22/lib/padrino-core/server.rb:14:in `run!'
 /Users/ningj/.rvm/gems/ruby-1.9.2-p0@snp-crackle-pop/gems/padrino-core-0.9.22/lib/padrino-core/cli/adapter.rb:29:in `start'
 /Users/ningj/.rvm/gems/ruby-1.9.2-p0@snp-crackle-pop/gems/padrino-core-0.9.22/lib/padrino-core/cli/base.rb:23:in `start'
 /Users/ningj/.rvm/gems/ruby-1.9.2-p0@global/gems/thor-0.14.6/lib/thor/task.rb:22:in `run'
 /Users/ningj/.rvm/gems/ruby-1.9.2-p0@global/gems/thor-0.14.6/lib/thor/invocation.rb:118:in `invoke_task'
 /Users/ningj/.rvm/gems/ruby-1.9.2-p0@global/gems/thor-0.14.6/lib/thor.rb:263:in `dispatch'
 /Users/ningj/.rvm/gems/ruby-1.9.2-p0@global/gems/thor-0.14.6/lib/thor/base.rb:389:in `start'
 /Users/ningj/.rvm/gems/ruby-1.9.2-p0@snp-crackle-pop/gems/padrino-core-0.9.22/bin/padrino:8:in `<top (required)>'
 /Users/ningj/.rvm/gems/ruby-1.9.2-p0@snp-crackle-pop/bin/padrino:19:in `load'
 /Users/ningj/.rvm/gems/ruby-1.9.2-p0@snp-crackle-pop/bin/padrino:19:in `<main>'"
[31m  ERROR[0m - [[33m17/May/2011 13:27:24[0m] "RuntimeError - asdf:
 /Users/ningj/dev/projects/snp-crackle-pop/app/app.rb:33:in `block in <class:SnpCracklePop>'
 /Users/ningj/.rvm/gems/ruby-1.9.2-p0@snp-crackle-pop/gems/padrino-core-0.9.22/lib/padrino-core/application/routing.rb:349:in `call'
 /Users/ningj/.rvm/gems/ruby-1.9.2-p0@snp-crackle-pop/gems/padrino-core-0.9.22/lib/padrino-core/application/routing.rb:349:in `block in route'
 /Users/ningj/.rvm/gems/ruby-1.9.2-p0@snp-crackle-pop/gems/sinatra-1.1.4/lib/sinatra/base.rb:649:in `instance_eval'
 /Users/ningj/.rvm/gems/ruby-1.9.2-p0@snp-crackle-pop/gems/sinatra-1.1.4/lib/sinatra/base.rb:649:in `route_eval'
 /Users/ningj/.rvm/gems/ruby-1.9.2-p0@snp-crackle-pop/gems/padrino-core-0.9.22/lib/padrino-core/application/routing.rb:629:in `block (3 levels) in route!'
 /Users/ningj/.rvm/gems/ruby-1.9.2-p0@snp-crackle-pop/gems/padrino-core-0.9.22/lib/padrino-core/application/routing.rb:629:in `catch'
 /Users/ningj/.rvm/gems/ruby-1.9.2-p0@snp-crackle-pop/gems/padrino-core-0.9.22/lib/padrino-core/application/routing.rb:629:in `block (2 levels) in route!'
 /Users/ningj/.rvm/gems/ruby-1.9.2-p0@snp-crackle-pop/gems/padrino-core-0.9.22/lib/padrino-core/application/routing.rb:621:in `catch'
 /Users/ningj/.rvm/gems/ruby-1.9.2-p0@snp-crackle-pop/gems/padrino-core-0.9.22/lib/padrino-core/application/routing.rb:621:in `block in route!'
 /Users/ningj/.rvm/gems/ruby-1.9.2-p0@snp-crackle-pop/gems/padrino-core-0.9.22/lib/padrino-core/application/routing.rb:610:in `each'
 /Users/ningj/.rvm/gems/ruby-1.9.2-p0@snp-crackle-pop/gems/padrino-core-0.9.22/lib/padrino-core/application/routing.rb:610:in `route!'
 /Users/ningj/.rvm/gems/ruby-1.9.2-p0@snp-crackle-pop/gems/sinatra-1.1.4/lib/sinatra/base.rb:766:in `dispatch!'
 /Users/ningj/.rvm/gems/ruby-1.9.2-p0@snp-crackle-pop/gems/sinatra-1.1.4/lib/sinatra/base.rb:559:in `block in call!'
 /Users/ningj/.rvm/gems/ruby-1.9.2-p0@snp-crackle-pop/gems/sinatra-1.1.4/lib/sinatra/base.rb:731:in `instance_eval'
 /Users/ningj/.rvm/gems/ruby-1.9.2-p0@snp-crackle-pop/gems/sinatra-1.1.4/lib/sinatra/base.rb:731:in `block in invoke'
 /Users/ningj/.rvm/gems/ruby-1.9.2-p0@snp-crackle-pop/gems/sinatra-1.1.4/lib/sinatra/base.rb:731:in `catch'
 /Users/ningj/.rvm/gems/ruby-1.9.2-p0@snp-crackle-pop/gems/sinatra-1.1.4/lib/sinatra/base.rb:731:in `invoke'
 /Users/ningj/.rvm/gems/ruby-1.9.2-p0@snp-crackle-pop/gems/sinatra-1.1.4/lib/sinatra/base.rb:559:in `call!'
 /Users/ningj/.rvm/gems/ruby-1.9.2-p0@snp-crackle-pop/gems/sinatra-1.1.4/lib/sinatra/base.rb:544:in `call'
 /Users/ningj/.rvm/gems/ruby-1.9.2-p0@snp-crackle-pop/gems/sass-3.1.1/lib/sass/plugin/rack.rb:54:in `call'
 /Users/ningj/.rvm/gems/ruby-1.9.2-p0@snp-crackle-pop/gems/sinatra-1.1.4/lib/sinatra/base.rb:1173:in `block in call'
 /Users/ningj/.rvm/gems/ruby-1.9.2-p0@snp-crackle-pop/gems/sinatra-1.1.4/lib/sinatra/base.rb:1199:in `synchronize'
 /Users/ningj/.rvm/gems/ruby-1.9.2-p0@snp-crackle-pop/gems/sinatra-1.1.4/lib/sinatra/base.rb:1173:in `call'
 /Users/ningj/.rvm/gems/ruby-1.9.2-p0@snp-crackle-pop/gems/padrino-core-0.9.22/lib/padrino-core/router.rb:71:in `block in call'
 /Users/ningj/.rvm/gems/ruby-1.9.2-p0@snp-crackle-pop/gems/padrino-core-0.9.22/lib/padrino-core/router.rb:64:in `each'
 /Users/ningj/.rvm/gems/ruby-1.9.2-p0@snp-crackle-pop/gems/padrino-core-0.9.22/lib/padrino-core/router.rb:64:in `call'
 /Users/ningj/.rvm/gems/ruby-1.9.2-p0@snp-crackle-pop/gems/rack-1.2.2/lib/rack/content_length.rb:13:in `call'
 /Users/ningj/.rvm/gems/ruby-1.9.2-p0@snp-crackle-pop/gems/rack-1.2.2/lib/rack/chunked.rb:15:in `call'
 /Users/ningj/.rvm/gems/ruby-1.9.2-p0@snp-crackle-pop/gems/thin-1.2.7/lib/thin/connection.rb:76:in `block in pre_process'
 /Users/ningj/.rvm/gems/ruby-1.9.2-p0@snp-crackle-pop/gems/thin-1.2.7/lib/thin/connection.rb:74:in `catch'
 /Users/ningj/.rvm/gems/ruby-1.9.2-p0@snp-crackle-pop/gems/thin-1.2.7/lib/thin/connection.rb:74:in `pre_process'
 /Users/ningj/.rvm/gems/ruby-1.9.2-p0@snp-crackle-pop/gems/thin-1.2.7/lib/thin/connection.rb:57:in `process'
 /Users/ningj/.rvm/gems/ruby-1.9.2-p0@snp-crackle-pop/gems/thin-1.2.7/lib/thin/connection.rb:42:in `receive_data'
 /Users/ningj/.rvm/gems/ruby-1.9.2-p0@snp-crackle-pop/gems/eventmachine-0.12.10/lib/eventmachine.rb:256:in `run_machine'
 /Users/ningj/.rvm/gems/ruby-1.9.2-p0@snp-crackle-pop/gems/eventmachine-0.12.10/lib/eventmachine.rb:256:in `run'
 /Users/ningj/.rvm/gems/ruby-1.9.2-p0@snp-crackle-pop/gems/thin-1.2.7/lib/thin/backends/base.rb:57:in `start'
 /Users/ningj/.rvm/gems/ruby-1.9.2-p0@snp-crackle-pop/gems/thin-1.2.7/lib/thin/server.rb:156:in `start'
 /Users/ningj/.rvm/gems/ruby-1.9.2-p0@snp-crackle-pop/gems/rack-1.2.2/lib/rack/handler/thin.rb:14:in `run'
 /Users/ningj/.rvm/gems/ruby-1.9.2-p0@snp-crackle-pop/gems/padrino-core-0.9.22/lib/padrino-core/server.rb:43:in `build'
 /Users/ningj/.rvm/gems/ruby-1.9.2-p0@snp-crackle-pop/gems/padrino-core-0.9.22/lib/padrino-core/server.rb:14:in `run!'
 /Users/ningj/.rvm/gems/ruby-1.9.2-p0@snp-crackle-pop/gems/padrino-core-0.9.22/lib/padrino-core/cli/adapter.rb:29:in `start'
 /Users/ningj/.rvm/gems/ruby-1.9.2-p0@snp-crackle-pop/gems/padrino-core-0.9.22/lib/padrino-core/cli/base.rb:23:in `start'
 /Users/ningj/.rvm/gems/ruby-1.9.2-p0@global/gems/thor-0.14.6/lib/thor/task.rb:22:in `run'
 /Users/ningj/.rvm/gems/ruby-1.9.2-p0@global/gems/thor-0.14.6/lib/thor/invocation.rb:118:in `invoke_task'
 /Users/ningj/.rvm/gems/ruby-1.9.2-p0@global/gems/thor-0.14.6/lib/thor.rb:263:in `dispatch'
 /Users/ningj/.rvm/gems/ruby-1.9.2-p0@global/gems/thor-0.14.6/lib/thor/base.rb:389:in `start'
 /Users/ningj/.rvm/gems/ruby-1.9.2-p0@snp-crackle-pop/gems/padrino-core-0.9.22/bin/padrino:8:in `<top (required)>'
 /Users/ningj/.rvm/gems/ruby-1.9.2-p0@snp-crackle-pop/bin/padrino:19:in `load'
 /Users/ningj/.rvm/gems/ruby-1.9.2-p0@snp-crackle-pop/bin/padrino:19:in `<main>'"
[31m  ERROR[0m - [[33m17/May/2011 13:27:44[0m] "RuntimeError - asdf:
 /Users/ningj/dev/projects/snp-crackle-pop/app/app.rb:33:in `block in <class:SnpCracklePop>'
 /Users/ningj/.rvm/gems/ruby-1.9.2-p0@snp-crackle-pop/gems/padrino-core-0.9.22/lib/padrino-core/application/routing.rb:349:in `call'
 /Users/ningj/.rvm/gems/ruby-1.9.2-p0@snp-crackle-pop/gems/padrino-core-0.9.22/lib/padrino-core/application/routing.rb:349:in `block in route'
 /Users/ningj/.rvm/gems/ruby-1.9.2-p0@snp-crackle-pop/gems/sinatra-1.1.4/lib/sinatra/base.rb:649:in `instance_eval'
 /Users/ningj/.rvm/gems/ruby-1.9.2-p0@snp-crackle-pop/gems/sinatra-1.1.4/lib/sinatra/base.rb:649:in `route_eval'
 /Users/ningj/.rvm/gems/ruby-1.9.2-p0@snp-crackle-pop/gems/padrino-core-0.9.22/lib/padrino-core/application/routing.rb:629:in `block (3 levels) in route!'
 /Users/ningj/.rvm/gems/ruby-1.9.2-p0@snp-crackle-pop/gems/padrino-core-0.9.22/lib/padrino-core/application/routing.rb:629:in `catch'
 /Users/ningj/.rvm/gems/ruby-1.9.2-p0@snp-crackle-pop/gems/padrino-core-0.9.22/lib/padrino-core/application/routing.rb:629:in `block (2 levels) in route!'
 /Users/ningj/.rvm/gems/ruby-1.9.2-p0@snp-crackle-pop/gems/padrino-core-0.9.22/lib/padrino-core/application/routing.rb:621:in `catch'
 /Users/ningj/.rvm/gems/ruby-1.9.2-p0@snp-crackle-pop/gems/padrino-core-0.9.22/lib/padrino-core/application/routing.rb:621:in `block in route!'
 /Users/ningj/.rvm/gems/ruby-1.9.2-p0@snp-crackle-pop/gems/padrino-core-0.9.22/lib/padrino-core/application/routing.rb:610:in `each'
 /Users/ningj/.rvm/gems/ruby-1.9.2-p0@snp-crackle-pop/gems/padrino-core-0.9.22/lib/padrino-core/application/routing.rb:610:in `route!'
 /Users/ningj/.rvm/gems/ruby-1.9.2-p0@snp-crackle-pop/gems/sinatra-1.1.4/lib/sinatra/base.rb:766:in `dispatch!'
 /Users/ningj/.rvm/gems/ruby-1.9.2-p0@snp-crackle-pop/gems/sinatra-1.1.4/lib/sinatra/base.rb:559:in `block in call!'
 /Users/ningj/.rvm/gems/ruby-1.9.2-p0@snp-crackle-pop/gems/sinatra-1.1.4/lib/sinatra/base.rb:731:in `instance_eval'
 /Users/ningj/.rvm/gems/ruby-1.9.2-p0@snp-crackle-pop/gems/sinatra-1.1.4/lib/sinatra/base.rb:731:in `block in invoke'
 /Users/ningj/.rvm/gems/ruby-1.9.2-p0@snp-crackle-pop/gems/sinatra-1.1.4/lib/sinatra/base.rb:731:in `catch'
 /Users/ningj/.rvm/gems/ruby-1.9.2-p0@snp-crackle-pop/gems/sinatra-1.1.4/lib/sinatra/base.rb:731:in `invoke'
 /Users/ningj/.rvm/gems/ruby-1.9.2-p0@snp-crackle-pop/gems/sinatra-1.1.4/lib/sinatra/base.rb:559:in `call!'
 /Users/ningj/.rvm/gems/ruby-1.9.2-p0@snp-crackle-pop/gems/sinatra-1.1.4/lib/sinatra/base.rb:544:in `call'
 /Users/ningj/.rvm/gems/ruby-1.9.2-p0@snp-crackle-pop/gems/sass-3.1.1/lib/sass/plugin/rack.rb:54:in `call'
 /Users/ningj/.rvm/gems/ruby-1.9.2-p0@snp-crackle-pop/gems/sinatra-1.1.4/lib/sinatra/base.rb:1173:in `block in call'
 /Users/ningj/.rvm/gems/ruby-1.9.2-p0@snp-crackle-pop/gems/sinatra-1.1.4/lib/sinatra/base.rb:1199:in `synchronize'
 /Users/ningj/.rvm/gems/ruby-1.9.2-p0@snp-crackle-pop/gems/sinatra-1.1.4/lib/sinatra/base.rb:1173:in `call'
 /Users/ningj/.rvm/gems/ruby-1.9.2-p0@snp-crackle-pop/gems/padrino-core-0.9.22/lib/padrino-core/router.rb:71:in `block in call'
 /Users/ningj/.rvm/gems/ruby-1.9.2-p0@snp-crackle-pop/gems/padrino-core-0.9.22/lib/padrino-core/router.rb:64:in `each'
 /Users/ningj/.rvm/gems/ruby-1.9.2-p0@snp-crackle-pop/gems/padrino-core-0.9.22/lib/padrino-core/router.rb:64:in `call'
 /Users/ningj/.rvm/gems/ruby-1.9.2-p0@snp-crackle-pop/gems/rack-1.2.2/lib/rack/content_length.rb:13:in `call'
 /Users/ningj/.rvm/gems/ruby-1.9.2-p0@snp-crackle-pop/gems/rack-1.2.2/lib/rack/chunked.rb:15:in `call'
 /Users/ningj/.rvm/gems/ruby-1.9.2-p0@snp-crackle-pop/gems/thin-1.2.7/lib/thin/connection.rb:76:in `block in pre_process'
 /Users/ningj/.rvm/gems/ruby-1.9.2-p0@snp-crackle-pop/gems/thin-1.2.7/lib/thin/connection.rb:74:in `catch'
 /Users/ningj/.rvm/gems/ruby-1.9.2-p0@snp-crackle-pop/gems/thin-1.2.7/lib/thin/connection.rb:74:in `pre_process'
 /Users/ningj/.rvm/gems/ruby-1.9.2-p0@snp-crackle-pop/gems/thin-1.2.7/lib/thin/connection.rb:57:in `process'
 /Users/ningj/.rvm/gems/ruby-1.9.2-p0@snp-crackle-pop/gems/thin-1.2.7/lib/thin/connection.rb:42:in `receive_data'
 /Users/ningj/.rvm/gems/ruby-1.9.2-p0@snp-crackle-pop/gems/eventmachine-0.12.10/lib/eventmachine.rb:256:in `run_machine'
 /Users/ningj/.rvm/gems/ruby-1.9.2-p0@snp-crackle-pop/gems/eventmachine-0.12.10/lib/eventmachine.rb:256:in `run'
 /Users/ningj/.rvm/gems/ruby-1.9.2-p0@snp-crackle-pop/gems/thin-1.2.7/lib/thin/backends/base.rb:57:in `start'
 /Users/ningj/.rvm/gems/ruby-1.9.2-p0@snp-crackle-pop/gems/thin-1.2.7/lib/thin/server.rb:156:in `start'
 /Users/ningj/.rvm/gems/ruby-1.9.2-p0@snp-crackle-pop/gems/rack-1.2.2/lib/rack/handler/thin.rb:14:in `run'
 /Users/ningj/.rvm/gems/ruby-1.9.2-p0@snp-crackle-pop/gems/padrino-core-0.9.22/lib/padrino-core/server.rb:43:in `build'
 /Users/ningj/.rvm/gems/ruby-1.9.2-p0@snp-crackle-pop/gems/padrino-core-0.9.22/lib/padrino-core/server.rb:14:in `run!'
 /Users/ningj/.rvm/gems/ruby-1.9.2-p0@snp-crackle-pop/gems/padrino-core-0.9.22/lib/padrino-core/cli/adapter.rb:29:in `start'
 /Users/ningj/.rvm/gems/ruby-1.9.2-p0@snp-crackle-pop/gems/padrino-core-0.9.22/lib/padrino-core/cli/base.rb:23:in `start'
 /Users/ningj/.rvm/gems/ruby-1.9.2-p0@global/gems/thor-0.14.6/lib/thor/task.rb:22:in `run'
 /Users/ningj/.rvm/gems/ruby-1.9.2-p0@global/gems/thor-0.14.6/lib/thor/invocation.rb:118:in `invoke_task'
 /Users/ningj/.rvm/gems/ruby-1.9.2-p0@global/gems/thor-0.14.6/lib/thor.rb:263:in `dispatch'
 /Users/ningj/.rvm/gems/ruby-1.9.2-p0@global/gems/thor-0.14.6/lib/thor/base.rb:389:in `start'
 /Users/ningj/.rvm/gems/ruby-1.9.2-p0@snp-crackle-pop/gems/padrino-core-0.9.22/bin/padrino:8:in `<top (required)>'
 /Users/ningj/.rvm/gems/ruby-1.9.2-p0@snp-crackle-pop/bin/padrino:19:in `load'
 /Users/ningj/.rvm/gems/ruby-1.9.2-p0@snp-crackle-pop/bin/padrino:19:in `<main>'"
[31m  ERROR[0m - [[33m17/May/2011 13:27:52[0m] "RuntimeError - asdf:
 /Users/ningj/dev/projects/snp-crackle-pop/app/app.rb:37:in `block in <class:SnpCracklePop>'
 /Users/ningj/.rvm/gems/ruby-1.9.2-p0@snp-crackle-pop/gems/padrino-core-0.9.22/lib/padrino-core/application/routing.rb:349:in `call'
 /Users/ningj/.rvm/gems/ruby-1.9.2-p0@snp-crackle-pop/gems/padrino-core-0.9.22/lib/padrino-core/application/routing.rb:349:in `block in route'
 /Users/ningj/.rvm/gems/ruby-1.9.2-p0@snp-crackle-pop/gems/sinatra-1.1.4/lib/sinatra/base.rb:649:in `instance_eval'
 /Users/ningj/.rvm/gems/ruby-1.9.2-p0@snp-crackle-pop/gems/sinatra-1.1.4/lib/sinatra/base.rb:649:in `route_eval'
 /Users/ningj/.rvm/gems/ruby-1.9.2-p0@snp-crackle-pop/gems/padrino-core-0.9.22/lib/padrino-core/application/routing.rb:629:in `block (3 levels) in route!'
 /Users/ningj/.rvm/gems/ruby-1.9.2-p0@snp-crackle-pop/gems/padrino-core-0.9.22/lib/padrino-core/application/routing.rb:629:in `catch'
 /Users/ningj/.rvm/gems/ruby-1.9.2-p0@snp-crackle-pop/gems/padrino-core-0.9.22/lib/padrino-core/application/routing.rb:629:in `block (2 levels) in route!'
 /Users/ningj/.rvm/gems/ruby-1.9.2-p0@snp-crackle-pop/gems/padrino-core-0.9.22/lib/padrino-core/application/routing.rb:621:in `catch'
 /Users/ningj/.rvm/gems/ruby-1.9.2-p0@snp-crackle-pop/gems/padrino-core-0.9.22/lib/padrino-core/application/routing.rb:621:in `block in route!'
 /Users/ningj/.rvm/gems/ruby-1.9.2-p0@snp-crackle-pop/gems/padrino-core-0.9.22/lib/padrino-core/application/routing.rb:610:in `each'
 /Users/ningj/.rvm/gems/ruby-1.9.2-p0@snp-crackle-pop/gems/padrino-core-0.9.22/lib/padrino-core/application/routing.rb:610:in `route!'
 /Users/ningj/.rvm/gems/ruby-1.9.2-p0@snp-crackle-pop/gems/sinatra-1.1.4/lib/sinatra/base.rb:766:in `dispatch!'
 /Users/ningj/.rvm/gems/ruby-1.9.2-p0@snp-crackle-pop/gems/sinatra-1.1.4/lib/sinatra/base.rb:559:in `block in call!'
 /Users/ningj/.rvm/gems/ruby-1.9.2-p0@snp-crackle-pop/gems/sinatra-1.1.4/lib/sinatra/base.rb:731:in `instance_eval'
 /Users/ningj/.rvm/gems/ruby-1.9.2-p0@snp-crackle-pop/gems/sinatra-1.1.4/lib/sinatra/base.rb:731:in `block in invoke'
 /Users/ningj/.rvm/gems/ruby-1.9.2-p0@snp-crackle-pop/gems/sinatra-1.1.4/lib/sinatra/base.rb:731:in `catch'
 /Users/ningj/.rvm/gems/ruby-1.9.2-p0@snp-crackle-pop/gems/sinatra-1.1.4/lib/sinatra/base.rb:731:in `invoke'
 /Users/ningj/.rvm/gems/ruby-1.9.2-p0@snp-crackle-pop/gems/sinatra-1.1.4/lib/sinatra/base.rb:559:in `call!'
 /Users/ningj/.rvm/gems/ruby-1.9.2-p0@snp-crackle-pop/gems/sinatra-1.1.4/lib/sinatra/base.rb:544:in `call'
 /Users/ningj/.rvm/gems/ruby-1.9.2-p0@snp-crackle-pop/gems/sass-3.1.1/lib/sass/plugin/rack.rb:54:in `call'
 /Users/ningj/.rvm/gems/ruby-1.9.2-p0@snp-crackle-pop/gems/sinatra-1.1.4/lib/sinatra/base.rb:1173:in `block in call'
 /Users/ningj/.rvm/gems/ruby-1.9.2-p0@snp-crackle-pop/gems/sinatra-1.1.4/lib/sinatra/base.rb:1199:in `synchronize'
 /Users/ningj/.rvm/gems/ruby-1.9.2-p0@snp-crackle-pop/gems/sinatra-1.1.4/lib/sinatra/base.rb:1173:in `call'
 /Users/ningj/.rvm/gems/ruby-1.9.2-p0@snp-crackle-pop/gems/padrino-core-0.9.22/lib/padrino-core/router.rb:71:in `block in call'
 /Users/ningj/.rvm/gems/ruby-1.9.2-p0@snp-crackle-pop/gems/padrino-core-0.9.22/lib/padrino-core/router.rb:64:in `each'
 /Users/ningj/.rvm/gems/ruby-1.9.2-p0@snp-crackle-pop/gems/padrino-core-0.9.22/lib/padrino-core/router.rb:64:in `call'
 /Users/ningj/.rvm/gems/ruby-1.9.2-p0@snp-crackle-pop/gems/rack-1.2.2/lib/rack/content_length.rb:13:in `call'
 /Users/ningj/.rvm/gems/ruby-1.9.2-p0@snp-crackle-pop/gems/rack-1.2.2/lib/rack/chunked.rb:15:in `call'
 /Users/ningj/.rvm/gems/ruby-1.9.2-p0@snp-crackle-pop/gems/thin-1.2.7/lib/thin/connection.rb:76:in `block in pre_process'
 /Users/ningj/.rvm/gems/ruby-1.9.2-p0@snp-crackle-pop/gems/thin-1.2.7/lib/thin/connection.rb:74:in `catch'
 /Users/ningj/.rvm/gems/ruby-1.9.2-p0@snp-crackle-pop/gems/thin-1.2.7/lib/thin/connection.rb:74:in `pre_process'
 /Users/ningj/.rvm/gems/ruby-1.9.2-p0@snp-crackle-pop/gems/thin-1.2.7/lib/thin/connection.rb:57:in `process'
 /Users/ningj/.rvm/gems/ruby-1.9.2-p0@snp-crackle-pop/gems/thin-1.2.7/lib/thin/connection.rb:42:in `receive_data'
 /Users/ningj/.rvm/gems/ruby-1.9.2-p0@snp-crackle-pop/gems/eventmachine-0.12.10/lib/eventmachine.rb:256:in `run_machine'
 /Users/ningj/.rvm/gems/ruby-1.9.2-p0@snp-crackle-pop/gems/eventmachine-0.12.10/lib/eventmachine.rb:256:in `run'
 /Users/ningj/.rvm/gems/ruby-1.9.2-p0@snp-crackle-pop/gems/thin-1.2.7/lib/thin/backends/base.rb:57:in `start'
 /Users/ningj/.rvm/gems/ruby-1.9.2-p0@snp-crackle-pop/gems/thin-1.2.7/lib/thin/server.rb:156:in `start'
 /Users/ningj/.rvm/gems/ruby-1.9.2-p0@snp-crackle-pop/gems/rack-1.2.2/lib/rack/handler/thin.rb:14:in `run'
 /Users/ningj/.rvm/gems/ruby-1.9.2-p0@snp-crackle-pop/gems/padrino-core-0.9.22/lib/padrino-core/server.rb:43:in `build'
 /Users/ningj/.rvm/gems/ruby-1.9.2-p0@snp-crackle-pop/gems/padrino-core-0.9.22/lib/padrino-core/server.rb:14:in `run!'
 /Users/ningj/.rvm/gems/ruby-1.9.2-p0@snp-crackle-pop/gems/padrino-core-0.9.22/lib/padrino-core/cli/adapter.rb:29:in `start'
 /Users/ningj/.rvm/gems/ruby-1.9.2-p0@snp-crackle-pop/gems/padrino-core-0.9.22/lib/padrino-core/cli/base.rb:23:in `start'
 /Users/ningj/.rvm/gems/ruby-1.9.2-p0@global/gems/thor-0.14.6/lib/thor/task.rb:22:in `run'
 /Users/ningj/.rvm/gems/ruby-1.9.2-p0@global/gems/thor-0.14.6/lib/thor/invocation.rb:118:in `invoke_task'
 /Users/ningj/.rvm/gems/ruby-1.9.2-p0@global/gems/thor-0.14.6/lib/thor.rb:263:in `dispatch'
 /Users/ningj/.rvm/gems/ruby-1.9.2-p0@global/gems/thor-0.14.6/lib/thor/base.rb:389:in `start'
 /Users/ningj/.rvm/gems/ruby-1.9.2-p0@snp-crackle-pop/gems/padrino-core-0.9.22/bin/padrino:8:in `<top (required)>'
 /Users/ningj/.rvm/gems/ruby-1.9.2-p0@snp-crackle-pop/bin/padrino:19:in `load'
 /Users/ningj/.rvm/gems/ruby-1.9.2-p0@snp-crackle-pop/bin/padrino:19:in `<main>'"
[31m  ERROR[0m - [[33m17/May/2011 13:42:04[0m] "TypeError - String can't be coerced into Fixnum:
 /Users/ningj/dev/projects/snp-crackle-pop/app/app.rb:32:in `+'
 /Users/ningj/dev/projects/snp-crackle-pop/app/app.rb:32:in `block in <class:SnpCracklePop>'
 /Users/ningj/.rvm/gems/ruby-1.9.2-p0@snp-crackle-pop/gems/padrino-core-0.9.22/lib/padrino-core/application/routing.rb:349:in `call'
 /Users/ningj/.rvm/gems/ruby-1.9.2-p0@snp-crackle-pop/gems/padrino-core-0.9.22/lib/padrino-core/application/routing.rb:349:in `block in route'
 /Users/ningj/.rvm/gems/ruby-1.9.2-p0@snp-crackle-pop/gems/sinatra-1.1.4/lib/sinatra/base.rb:649:in `instance_eval'
 /Users/ningj/.rvm/gems/ruby-1.9.2-p0@snp-crackle-pop/gems/sinatra-1.1.4/lib/sinatra/base.rb:649:in `route_eval'
 /Users/ningj/.rvm/gems/ruby-1.9.2-p0@snp-crackle-pop/gems/padrino-core-0.9.22/lib/padrino-core/application/routing.rb:629:in `block (3 levels) in route!'
 /Users/ningj/.rvm/gems/ruby-1.9.2-p0@snp-crackle-pop/gems/padrino-core-0.9.22/lib/padrino-core/application/routing.rb:629:in `catch'
 /Users/ningj/.rvm/gems/ruby-1.9.2-p0@snp-crackle-pop/gems/padrino-core-0.9.22/lib/padrino-core/application/routing.rb:629:in `block (2 levels) in route!'
 /Users/ningj/.rvm/gems/ruby-1.9.2-p0@snp-crackle-pop/gems/padrino-core-0.9.22/lib/padrino-core/application/routing.rb:621:in `catch'
 /Users/ningj/.rvm/gems/ruby-1.9.2-p0@snp-crackle-pop/gems/padrino-core-0.9.22/lib/padrino-core/application/routing.rb:621:in `block in route!'
 /Users/ningj/.rvm/gems/ruby-1.9.2-p0@snp-crackle-pop/gems/padrino-core-0.9.22/lib/padrino-core/application/routing.rb:610:in `each'
 /Users/ningj/.rvm/gems/ruby-1.9.2-p0@snp-crackle-pop/gems/padrino-core-0.9.22/lib/padrino-core/application/routing.rb:610:in `route!'
 /Users/ningj/.rvm/gems/ruby-1.9.2-p0@snp-crackle-pop/gems/sinatra-1.1.4/lib/sinatra/base.rb:766:in `dispatch!'
 /Users/ningj/.rvm/gems/ruby-1.9.2-p0@snp-crackle-pop/gems/sinatra-1.1.4/lib/sinatra/base.rb:559:in `block in call!'
 /Users/ningj/.rvm/gems/ruby-1.9.2-p0@snp-crackle-pop/gems/sinatra-1.1.4/lib/sinatra/base.rb:731:in `instance_eval'
 /Users/ningj/.rvm/gems/ruby-1.9.2-p0@snp-crackle-pop/gems/sinatra-1.1.4/lib/sinatra/base.rb:731:in `block in invoke'
 /Users/ningj/.rvm/gems/ruby-1.9.2-p0@snp-crackle-pop/gems/sinatra-1.1.4/lib/sinatra/base.rb:731:in `catch'
 /Users/ningj/.rvm/gems/ruby-1.9.2-p0@snp-crackle-pop/gems/sinatra-1.1.4/lib/sinatra/base.rb:731:in `invoke'
 /Users/ningj/.rvm/gems/ruby-1.9.2-p0@snp-crackle-pop/gems/sinatra-1.1.4/lib/sinatra/base.rb:559:in `call!'
 /Users/ningj/.rvm/gems/ruby-1.9.2-p0@snp-crackle-pop/gems/sinatra-1.1.4/lib/sinatra/base.rb:544:in `call'
 /Users/ningj/.rvm/gems/ruby-1.9.2-p0@snp-crackle-pop/gems/sass-3.1.1/lib/sass/plugin/rack.rb:54:in `call'
 /Users/ningj/.rvm/gems/ruby-1.9.2-p0@snp-crackle-pop/gems/sinatra-1.1.4/lib/sinatra/base.rb:1173:in `block in call'
 /Users/ningj/.rvm/gems/ruby-1.9.2-p0@snp-crackle-pop/gems/sinatra-1.1.4/lib/sinatra/base.rb:1199:in `synchronize'
 /Users/ningj/.rvm/gems/ruby-1.9.2-p0@snp-crackle-pop/gems/sinatra-1.1.4/lib/sinatra/base.rb:1173:in `call'
 /Users/ningj/.rvm/gems/ruby-1.9.2-p0@snp-crackle-pop/gems/padrino-core-0.9.22/lib/padrino-core/router.rb:71:in `block in call'
 /Users/ningj/.rvm/gems/ruby-1.9.2-p0@snp-crackle-pop/gems/padrino-core-0.9.22/lib/padrino-core/router.rb:64:in `each'
 /Users/ningj/.rvm/gems/ruby-1.9.2-p0@snp-crackle-pop/gems/padrino-core-0.9.22/lib/padrino-core/router.rb:64:in `call'
 /Users/ningj/.rvm/gems/ruby-1.9.2-p0@snp-crackle-pop/gems/rack-1.2.2/lib/rack/content_length.rb:13:in `call'
 /Users/ningj/.rvm/gems/ruby-1.9.2-p0@snp-crackle-pop/gems/rack-1.2.2/lib/rack/chunked.rb:15:in `call'
 /Users/ningj/.rvm/gems/ruby-1.9.2-p0@snp-crackle-pop/gems/thin-1.2.7/lib/thin/connection.rb:76:in `block in pre_process'
 /Users/ningj/.rvm/gems/ruby-1.9.2-p0@snp-crackle-pop/gems/thin-1.2.7/lib/thin/connection.rb:74:in `catch'
 /Users/ningj/.rvm/gems/ruby-1.9.2-p0@snp-crackle-pop/gems/thin-1.2.7/lib/thin/connection.rb:74:in `pre_process'
 /Users/ningj/.rvm/gems/ruby-1.9.2-p0@snp-crackle-pop/gems/thin-1.2.7/lib/thin/connection.rb:57:in `process'
 /Users/ningj/.rvm/gems/ruby-1.9.2-p0@snp-crackle-pop/gems/thin-1.2.7/lib/thin/connection.rb:42:in `receive_data'
 /Users/ningj/.rvm/gems/ruby-1.9.2-p0@snp-crackle-pop/gems/eventmachine-0.12.10/lib/eventmachine.rb:256:in `run_machine'
 /Users/ningj/.rvm/gems/ruby-1.9.2-p0@snp-crackle-pop/gems/eventmachine-0.12.10/lib/eventmachine.rb:256:in `run'
 /Users/ningj/.rvm/gems/ruby-1.9.2-p0@snp-crackle-pop/gems/thin-1.2.7/lib/thin/backends/base.rb:57:in `start'
 /Users/ningj/.rvm/gems/ruby-1.9.2-p0@snp-crackle-pop/gems/thin-1.2.7/lib/thin/server.rb:156:in `start'
 /Users/ningj/.rvm/gems/ruby-1.9.2-p0@snp-crackle-pop/gems/rack-1.2.2/lib/rack/handler/thin.rb:14:in `run'
 /Users/ningj/.rvm/gems/ruby-1.9.2-p0@snp-crackle-pop/gems/padrino-core-0.9.22/lib/padrino-core/server.rb:43:in `build'
 /Users/ningj/.rvm/gems/ruby-1.9.2-p0@snp-crackle-pop/gems/padrino-core-0.9.22/lib/padrino-core/server.rb:14:in `run!'
 /Users/ningj/.rvm/gems/ruby-1.9.2-p0@snp-crackle-pop/gems/padrino-core-0.9.22/lib/padrino-core/cli/adapter.rb:29:in `start'
 /Users/ningj/.rvm/gems/ruby-1.9.2-p0@snp-crackle-pop/gems/padrino-core-0.9.22/lib/padrino-core/cli/base.rb:23:in `start'
 /Users/ningj/.rvm/gems/ruby-1.9.2-p0@global/gems/thor-0.14.6/lib/thor/task.rb:22:in `run'
 /Users/ningj/.rvm/gems/ruby-1.9.2-p0@global/gems/thor-0.14.6/lib/thor/invocation.rb:118:in `invoke_task'
 /Users/ningj/.rvm/gems/ruby-1.9.2-p0@global/gems/thor-0.14.6/lib/thor.rb:263:in `dispatch'
 /Users/ningj/.rvm/gems/ruby-1.9.2-p0@global/gems/thor-0.14.6/lib/thor/base.rb:389:in `start'
 /Users/ningj/.rvm/gems/ruby-1.9.2-p0@snp-crackle-pop/gems/padrino-core-0.9.22/bin/padrino:8:in `<top (required)>'
 /Users/ningj/.rvm/gems/ruby-1.9.2-p0@snp-crackle-pop/bin/padrino:19:in `load'
 /Users/ningj/.rvm/gems/ruby-1.9.2-p0@snp-crackle-pop/bin/padrino:19:in `<main>'"
[31m  ERROR[0m - [[33m17/May/2011 13:42:30[0m] "TypeError - String can't be coerced into Fixnum:
 /Users/ningj/dev/projects/snp-crackle-pop/app/app.rb:32:in `+'
 /Users/ningj/dev/projects/snp-crackle-pop/app/app.rb:32:in `block in <class:SnpCracklePop>'
 /Users/ningj/.rvm/gems/ruby-1.9.2-p0@snp-crackle-pop/gems/padrino-core-0.9.22/lib/padrino-core/application/routing.rb:349:in `call'
 /Users/ningj/.rvm/gems/ruby-1.9.2-p0@snp-crackle-pop/gems/padrino-core-0.9.22/lib/padrino-core/application/routing.rb:349:in `block in route'
 /Users/ningj/.rvm/gems/ruby-1.9.2-p0@snp-crackle-pop/gems/sinatra-1.1.4/lib/sinatra/base.rb:649:in `instance_eval'
 /Users/ningj/.rvm/gems/ruby-1.9.2-p0@snp-crackle-pop/gems/sinatra-1.1.4/lib/sinatra/base.rb:649:in `route_eval'
 /Users/ningj/.rvm/gems/ruby-1.9.2-p0@snp-crackle-pop/gems/padrino-core-0.9.22/lib/padrino-core/application/routing.rb:629:in `block (3 levels) in route!'
 /Users/ningj/.rvm/gems/ruby-1.9.2-p0@snp-crackle-pop/gems/padrino-core-0.9.22/lib/padrino-core/application/routing.rb:629:in `catch'
 /Users/ningj/.rvm/gems/ruby-1.9.2-p0@snp-crackle-pop/gems/padrino-core-0.9.22/lib/padrino-core/application/routing.rb:629:in `block (2 levels) in route!'
 /Users/ningj/.rvm/gems/ruby-1.9.2-p0@snp-crackle-pop/gems/padrino-core-0.9.22/lib/padrino-core/application/routing.rb:621:in `catch'
 /Users/ningj/.rvm/gems/ruby-1.9.2-p0@snp-crackle-pop/gems/padrino-core-0.9.22/lib/padrino-core/application/routing.rb:621:in `block in route!'
 /Users/ningj/.rvm/gems/ruby-1.9.2-p0@snp-crackle-pop/gems/padrino-core-0.9.22/lib/padrino-core/application/routing.rb:610:in `each'
 /Users/ningj/.rvm/gems/ruby-1.9.2-p0@snp-crackle-pop/gems/padrino-core-0.9.22/lib/padrino-core/application/routing.rb:610:in `route!'
 /Users/ningj/.rvm/gems/ruby-1.9.2-p0@snp-crackle-pop/gems/sinatra-1.1.4/lib/sinatra/base.rb:766:in `dispatch!'
 /Users/ningj/.rvm/gems/ruby-1.9.2-p0@snp-crackle-pop/gems/sinatra-1.1.4/lib/sinatra/base.rb:559:in `block in call!'
 /Users/ningj/.rvm/gems/ruby-1.9.2-p0@snp-crackle-pop/gems/sinatra-1.1.4/lib/sinatra/base.rb:731:in `instance_eval'
 /Users/ningj/.rvm/gems/ruby-1.9.2-p0@snp-crackle-pop/gems/sinatra-1.1.4/lib/sinatra/base.rb:731:in `block in invoke'
 /Users/ningj/.rvm/gems/ruby-1.9.2-p0@snp-crackle-pop/gems/sinatra-1.1.4/lib/sinatra/base.rb:731:in `catch'
 /Users/ningj/.rvm/gems/ruby-1.9.2-p0@snp-crackle-pop/gems/sinatra-1.1.4/lib/sinatra/base.rb:731:in `invoke'
 /Users/ningj/.rvm/gems/ruby-1.9.2-p0@snp-crackle-pop/gems/sinatra-1.1.4/lib/sinatra/base.rb:559:in `call!'
 /Users/ningj/.rvm/gems/ruby-1.9.2-p0@snp-crackle-pop/gems/sinatra-1.1.4/lib/sinatra/base.rb:544:in `call'
 /Users/ningj/.rvm/gems/ruby-1.9.2-p0@snp-crackle-pop/gems/sass-3.1.1/lib/sass/plugin/rack.rb:54:in `call'
 /Users/ningj/.rvm/gems/ruby-1.9.2-p0@snp-crackle-pop/gems/sinatra-1.1.4/lib/sinatra/base.rb:1173:in `block in call'
 /Users/ningj/.rvm/gems/ruby-1.9.2-p0@snp-crackle-pop/gems/sinatra-1.1.4/lib/sinatra/base.rb:1199:in `synchronize'
 /Users/ningj/.rvm/gems/ruby-1.9.2-p0@snp-crackle-pop/gems/sinatra-1.1.4/lib/sinatra/base.rb:1173:in `call'
 /Users/ningj/.rvm/gems/ruby-1.9.2-p0@snp-crackle-pop/gems/padrino-core-0.9.22/lib/padrino-core/router.rb:71:in `block in call'
 /Users/ningj/.rvm/gems/ruby-1.9.2-p0@snp-crackle-pop/gems/padrino-core-0.9.22/lib/padrino-core/router.rb:64:in `each'
 /Users/ningj/.rvm/gems/ruby-1.9.2-p0@snp-crackle-pop/gems/padrino-core-0.9.22/lib/padrino-core/router.rb:64:in `call'
 /Users/ningj/.rvm/gems/ruby-1.9.2-p0@snp-crackle-pop/gems/rack-1.2.2/lib/rack/content_length.rb:13:in `call'
 /Users/ningj/.rvm/gems/ruby-1.9.2-p0@snp-crackle-pop/gems/rack-1.2.2/lib/rack/chunked.rb:15:in `call'
 /Users/ningj/.rvm/gems/ruby-1.9.2-p0@snp-crackle-pop/gems/thin-1.2.7/lib/thin/connection.rb:76:in `block in pre_process'
 /Users/ningj/.rvm/gems/ruby-1.9.2-p0@snp-crackle-pop/gems/thin-1.2.7/lib/thin/connection.rb:74:in `catch'
 /Users/ningj/.rvm/gems/ruby-1.9.2-p0@snp-crackle-pop/gems/thin-1.2.7/lib/thin/connection.rb:74:in `pre_process'
 /Users/ningj/.rvm/gems/ruby-1.9.2-p0@snp-crackle-pop/gems/thin-1.2.7/lib/thin/connection.rb:57:in `process'
 /Users/ningj/.rvm/gems/ruby-1.9.2-p0@snp-crackle-pop/gems/thin-1.2.7/lib/thin/connection.rb:42:in `receive_data'
 /Users/ningj/.rvm/gems/ruby-1.9.2-p0@snp-crackle-pop/gems/eventmachine-0.12.10/lib/eventmachine.rb:256:in `run_machine'
 /Users/ningj/.rvm/gems/ruby-1.9.2-p0@snp-crackle-pop/gems/eventmachine-0.12.10/lib/eventmachine.rb:256:in `run'
 /Users/ningj/.rvm/gems/ruby-1.9.2-p0@snp-crackle-pop/gems/thin-1.2.7/lib/thin/backends/base.rb:57:in `start'
 /Users/ningj/.rvm/gems/ruby-1.9.2-p0@snp-crackle-pop/gems/thin-1.2.7/lib/thin/server.rb:156:in `start'
 /Users/ningj/.rvm/gems/ruby-1.9.2-p0@snp-crackle-pop/gems/rack-1.2.2/lib/rack/handler/thin.rb:14:in `run'
 /Users/ningj/.rvm/gems/ruby-1.9.2-p0@snp-crackle-pop/gems/padrino-core-0.9.22/lib/padrino-core/server.rb:43:in `build'
 /Users/ningj/.rvm/gems/ruby-1.9.2-p0@snp-crackle-pop/gems/padrino-core-0.9.22/lib/padrino-core/server.rb:14:in `run!'
 /Users/ningj/.rvm/gems/ruby-1.9.2-p0@snp-crackle-pop/gems/padrino-core-0.9.22/lib/padrino-core/cli/adapter.rb:29:in `start'
 /Users/ningj/.rvm/gems/ruby-1.9.2-p0@snp-crackle-pop/gems/padrino-core-0.9.22/lib/padrino-core/cli/base.rb:23:in `start'
 /Users/ningj/.rvm/gems/ruby-1.9.2-p0@global/gems/thor-0.14.6/lib/thor/task.rb:22:in `run'
 /Users/ningj/.rvm/gems/ruby-1.9.2-p0@global/gems/thor-0.14.6/lib/thor/invocation.rb:118:in `invoke_task'
 /Users/ningj/.rvm/gems/ruby-1.9.2-p0@global/gems/thor-0.14.6/lib/thor.rb:263:in `dispatch'
 /Users/ningj/.rvm/gems/ruby-1.9.2-p0@global/gems/thor-0.14.6/lib/thor/base.rb:389:in `start'
 /Users/ningj/.rvm/gems/ruby-1.9.2-p0@snp-crackle-pop/gems/padrino-core-0.9.22/bin/padrino:8:in `<top (required)>'
 /Users/ningj/.rvm/gems/ruby-1.9.2-p0@snp-crackle-pop/bin/padrino:19:in `load'
 /Users/ningj/.rvm/gems/ruby-1.9.2-p0@snp-crackle-pop/bin/padrino:19:in `<main>'"
